[debug] [2019-01-09T00:16:05.127Z] ----------------------------------------------------------------------
[debug] [2019-01-09T00:16:05.132Z] Command:       /home/unix/.nvm/versions/node/v6.11.4/bin/node /home/unix/.nvm/versions/node/v6.11.4/bin/firebase --debug deploy
[debug] [2019-01-09T00:16:05.133Z] CLI Version:   6.1.1
[debug] [2019-01-09T00:16:05.133Z] Platform:      linux
[debug] [2019-01-09T00:16:05.134Z] Node Version:  v6.11.4
[debug] [2019-01-09T00:16:05.134Z] Time:          Wed Jan 09 2019 01:16:05 GMT+0100 (STD)
[debug] [2019-01-09T00:16:05.135Z] ----------------------------------------------------------------------
[debug] 
[debug] [2019-01-09T00:16:05.150Z] > command requires scopes: ["email","openid","https://www.googleapis.com/auth/cloudplatformprojects.readonly","https://www.googleapis.com/auth/firebase","https://www.googleapis.com/auth/cloud-platform"]
[debug] [2019-01-09T00:16:05.151Z] > authorizing via signed-in user
[debug] [2019-01-09T00:16:05.151Z] [iam] checking project heroes-1540337153226 for permissions ["firebase.projects.get","firebasedatabase.instances.update","firebasehosting.sites.update"]
[debug] [2019-01-09T00:16:05.155Z] >>> HTTP REQUEST POST https://cloudresourcemanager.googleapis.com/v1/projects/heroes-1540337153226:testIamPermissions  

[debug] [2019-01-09T00:16:06.009Z] <<< HTTP RESPONSE 200
[debug] [2019-01-09T00:16:06.013Z] >>> HTTP REQUEST GET https://firebase.googleapis.com/v1beta1/projects/heroes-1540337153226  
 
[debug] [2019-01-09T00:16:06.305Z] <<< HTTP RESPONSE 200
[info] 
[info] === Deploying to 'heroes-1540337153226'...
[info] 
[info] i  deploying database, hosting
[info] i  database: checking rules syntax...
[debug] [2019-01-09T00:16:06.322Z] >>> HTTP REQUEST PUT https://heroes-1540337153226.firebaseio.com/.settings/rules.json?dryRun=true  
 {
  "rules": {
    ".read": false,
    ".write": false
  }
}
[debug] [2019-01-09T00:16:07.017Z] <<< HTTP RESPONSE 200
[info] ✔  database: rules syntax for database heroes-1540337153226 is valid
[debug] [2019-01-09T00:16:07.022Z] >>> HTTP REQUEST POST https://firebasehosting.googleapis.com/v1beta1/sites/heroes-1540337153226/versions  

[debug] [2019-01-09T00:16:08.630Z] <<< HTTP RESPONSE 200
[info] i  hosting[heroes-1540337153226]: beginning deploy...
[info] i  hosting[heroes-1540337153226]: found 14 files in build
[debug] [2019-01-09T00:16:08.656Z] [hosting] hash cache [YnVpbGQ] not populated
[debug] [2019-01-09T00:16:09.008Z] [hosting] hash cache [YnVpbGQ] stored for 14 files
[debug] [2019-01-09T00:16:09.009Z] [hosting][hash queue][FINAL]
[debug] [2019-01-09T00:16:09.018Z] >>> HTTP REQUEST POST https://firebasehosting.googleapis.com/v1beta1/sites/heroes-1540337153226/versions/67230aa95c6c9b1a:populateFiles  
 <request body omitted>
[debug] [2019-01-09T00:16:10.476Z] <<< HTTP RESPONSE 200
[debug] [2019-01-09T00:16:10.509Z] [hosting][populate queue][FINAL]
[debug] [2019-01-09T00:16:10.511Z] [hosting] uploads queued: 7
[info] i  hosting: uploading new files [0/7] (0%)
[info] i  hosting: uploading new files [0/7] (0%)
[debug] [2019-01-09T00:16:14.005Z] [hosting][upload queue][FINAL]
[info] ✔  hosting[heroes-1540337153226]: file upload complete
[debug] [2019-01-09T00:16:14.013Z] [hosting] deploy completed after 5380ms
[info] i  database: releasing rules...
[debug] [2019-01-09T00:16:14.140Z] >>> HTTP REQUEST PUT https://heroes-1540337153226.firebaseio.com/.settings/rules.json  
 {
  "rules": {
    ".read": false,
    ".write": false
  }
}
[debug] [2019-01-09T00:16:14.869Z] <<< HTTP RESPONSE 200
[info] ✔  database: rules for database heroes-1540337153226 released successfully
[debug] [2019-01-09T00:16:14.873Z] [
  {
    "config": {
      "public": "build",
      "ignore": [
        "firebase.json",
        "**/.*",
        "**/node_modules/**"
      ],
      "rewrites": [
        {
          "source": "**",
          "destination": "/index.html"
        }
      ],
      "site": "heroes-1540337153226"
    },
    "site": "heroes-1540337153226",
    "version": "sites/heroes-1540337153226/versions/67230aa95c6c9b1a"
  }
]
[info] i  hosting[heroes-1540337153226]: finalizing version...
[debug] [2019-01-09T00:16:14.890Z] >>> HTTP REQUEST PATCH https://firebasehosting.googleapis.com/v1beta1/sites/heroes-1540337153226/versions/67230aa95c6c9b1a?updateMask=status  

[debug] [2019-01-09T00:16:16.004Z] <<< HTTP RESPONSE 200
[debug] [2019-01-09T00:16:16.015Z] [hosting] finalized version for heroes-1540337153226:
[info] ✔  hosting[heroes-1540337153226]: version finalized
[info] i  hosting[heroes-1540337153226]: releasing new version...
[debug] [2019-01-09T00:16:16.037Z] >>> HTTP REQUEST POST https://firebasehosting.googleapis.com/v1beta1/sites/heroes-1540337153226/releases?version_name=sites/heroes-1540337153226/versions/67230aa95c6c9b1a  

[debug] [2019-01-09T00:16:17.232Z] <<< HTTP RESPONSE 200
[debug] [2019-01-09T00:16:17.233Z] [hosting] release:
[info] ✔  hosting[heroes-1540337153226]: release complete
[info] 
[info] ✔  Deploy complete!
[info] 
[info] Project Console: https://console.firebase.google.com/project/heroes-1540337153226/overview
[info] Hosting URL: https://heroes-1540337153226.firebaseapp.com
[debug] [2019-01-09T00:16:46.634Z] ----------------------------------------------------------------------
[debug] [2019-01-09T00:16:46.640Z] Command:       /home/unix/.nvm/versions/node/v6.11.4/bin/node /home/unix/.nvm/versions/node/v6.11.4/bin/firebase --debug deploy
[debug] [2019-01-09T00:16:46.641Z] CLI Version:   6.1.1
[debug] [2019-01-09T00:16:46.641Z] Platform:      linux
[debug] [2019-01-09T00:16:46.641Z] Node Version:  v6.11.4
[debug] [2019-01-09T00:16:46.642Z] Time:          Wed Jan 09 2019 01:16:46 GMT+0100 (STD)
[debug] [2019-01-09T00:16:46.642Z] ----------------------------------------------------------------------
[debug] 
[debug] [2019-01-09T00:16:46.656Z] > command requires scopes: ["email","openid","https://www.googleapis.com/auth/cloudplatformprojects.readonly","https://www.googleapis.com/auth/firebase","https://www.googleapis.com/auth/cloud-platform"]
[debug] [2019-01-09T00:16:46.658Z] > authorizing via signed-in user
[debug] [2019-01-09T00:16:46.658Z] [iam] checking project heroes-1540337153226 for permissions ["firebase.projects.get","firebasedatabase.instances.update","firebasehosting.sites.update"]
[debug] [2019-01-09T00:16:46.662Z] >>> HTTP REQUEST POST https://cloudresourcemanager.googleapis.com/v1/projects/heroes-1540337153226:testIamPermissions  

[debug] [2019-01-09T00:16:47.606Z] <<< HTTP RESPONSE 200
[debug] [2019-01-09T00:16:47.609Z] >>> HTTP REQUEST GET https://firebase.googleapis.com/v1beta1/projects/heroes-1540337153226  
 
[debug] [2019-01-09T00:16:47.894Z] <<< HTTP RESPONSE 200
[info] 
[info] === Deploying to 'heroes-1540337153226'...
[info] 
[info] i  deploying database, hosting
[info] i  database: checking rules syntax...
[debug] [2019-01-09T00:16:47.902Z] >>> HTTP REQUEST PUT https://heroes-1540337153226.firebaseio.com/.settings/rules.json?dryRun=true  
 {
  "rules": {
    ".read": false,
    ".write": false
  }
}
[debug] [2019-01-09T00:16:48.446Z] <<< HTTP RESPONSE 200
[info] ✔  database: rules syntax for database heroes-1540337153226 is valid
[debug] [2019-01-09T00:16:48.453Z] >>> HTTP REQUEST POST https://firebasehosting.googleapis.com/v1beta1/sites/heroes-1540337153226/versions  

[debug] [2019-01-09T00:16:49.488Z] <<< HTTP RESPONSE 200
[info] i  hosting[heroes-1540337153226]: beginning deploy...
[info] i  hosting[heroes-1540337153226]: found 14 files in build
[debug] [2019-01-09T00:16:49.537Z] [hosting] hash cache [YnVpbGQ] load error: lines is not defined
[debug] [2019-01-09T00:16:49.750Z] [hosting] hash cache [YnVpbGQ] stored for 14 files
[debug] [2019-01-09T00:16:49.751Z] [hosting][hash queue][FINAL]
[debug] [2019-01-09T00:16:49.752Z] >>> HTTP REQUEST POST https://firebasehosting.googleapis.com/v1beta1/sites/heroes-1540337153226/versions/39c705ee00d3fbdc:populateFiles  
 <request body omitted>
[debug] [2019-01-09T00:16:51.027Z] <<< HTTP RESPONSE 200
[debug] [2019-01-09T00:16:51.037Z] [hosting][populate queue][FINAL]
[debug] [2019-01-09T00:16:51.039Z] [hosting] uploads queued: 1
[info] i  hosting: uploading new files [0/1] (0%)
[info] i  hosting: uploading new files [0/1] (0%)
[debug] [2019-01-09T00:16:55.020Z] [hosting][upload queue][FINAL]
[info] ✔  hosting[heroes-1540337153226]: file upload complete
[debug] [2019-01-09T00:16:55.026Z] [hosting] deploy completed after 5531ms
[info] i  database: releasing rules...
[debug] [2019-01-09T00:16:55.132Z] >>> HTTP REQUEST PUT https://heroes-1540337153226.firebaseio.com/.settings/rules.json  
 {
  "rules": {
    ".read": false,
    ".write": false
  }
}
[debug] [2019-01-09T00:16:55.733Z] <<< HTTP RESPONSE 200
[info] ✔  database: rules for database heroes-1540337153226 released successfully
[debug] [2019-01-09T00:16:55.736Z] [
  {
    "config": {
      "public": "build",
      "ignore": [
        "firebase.json",
        "**/.*",
        "**/node_modules/**"
      ],
      "rewrites": [
        {
          "source": "**",
          "destination": "/index.html"
        }
      ],
      "site": "heroes-1540337153226"
    },
    "site": "heroes-1540337153226",
    "version": "sites/heroes-1540337153226/versions/39c705ee00d3fbdc"
  }
]
[info] i  hosting[heroes-1540337153226]: finalizing version...
[debug] [2019-01-09T00:16:55.744Z] >>> HTTP REQUEST PATCH https://firebasehosting.googleapis.com/v1beta1/sites/heroes-1540337153226/versions/39c705ee00d3fbdc?updateMask=status  

[debug] [2019-01-09T00:16:56.938Z] <<< HTTP RESPONSE 200
[debug] [2019-01-09T00:16:56.944Z] [hosting] finalized version for heroes-1540337153226:
[info] ✔  hosting[heroes-1540337153226]: version finalized
[info] i  hosting[heroes-1540337153226]: releasing new version...
[debug] [2019-01-09T00:16:56.961Z] >>> HTTP REQUEST POST https://firebasehosting.googleapis.com/v1beta1/sites/heroes-1540337153226/releases?version_name=sites/heroes-1540337153226/versions/39c705ee00d3fbdc  

[debug] [2019-01-09T00:16:57.953Z] <<< HTTP RESPONSE 200
[debug] [2019-01-09T00:16:57.955Z] [hosting] release:
[info] ✔  hosting[heroes-1540337153226]: release complete
[info] 
[info] ✔  Deploy complete!
[info] 
[info] Project Console: https://console.firebase.google.com/project/heroes-1540337153226/overview
[info] Hosting URL: https://heroes-1540337153226.firebaseapp.com
[debug] [2019-01-09T00:21:47.968Z] ----------------------------------------------------------------------
[debug] [2019-01-09T00:21:47.974Z] Command:       /home/unix/.nvm/versions/node/v6.11.4/bin/node /home/unix/.nvm/versions/node/v6.11.4/bin/firebase --debug deploy
[debug] [2019-01-09T00:21:47.975Z] CLI Version:   6.1.1
[debug] [2019-01-09T00:21:47.975Z] Platform:      linux
[debug] [2019-01-09T00:21:47.976Z] Node Version:  v6.11.4
[debug] [2019-01-09T00:21:47.977Z] Time:          Wed Jan 09 2019 01:21:47 GMT+0100 (STD)
[debug] [2019-01-09T00:21:47.977Z] ----------------------------------------------------------------------
[debug] 
[debug] [2019-01-09T00:21:48.016Z] > command requires scopes: ["email","openid","https://www.googleapis.com/auth/cloudplatformprojects.readonly","https://www.googleapis.com/auth/firebase","https://www.googleapis.com/auth/cloud-platform"]
[debug] [2019-01-09T00:21:48.019Z] > authorizing via signed-in user
[debug] [2019-01-09T00:21:48.019Z] [iam] checking project heroes-1540337153226 for permissions ["firebase.projects.get","firebasedatabase.instances.update","firebasehosting.sites.update"]
[debug] [2019-01-09T00:21:48.023Z] >>> HTTP REQUEST POST https://cloudresourcemanager.googleapis.com/v1/projects/heroes-1540337153226:testIamPermissions  

[debug] [2019-01-09T00:21:48.905Z] <<< HTTP RESPONSE 200
[debug] [2019-01-09T00:21:48.910Z] >>> HTTP REQUEST GET https://firebase.googleapis.com/v1beta1/projects/heroes-1540337153226  
 
[debug] [2019-01-09T00:21:49.204Z] <<< HTTP RESPONSE 200
[info] 
[info] === Deploying to 'heroes-1540337153226'...
[info] 
[info] i  deploying database, hosting
[info] i  database: checking rules syntax...
[debug] [2019-01-09T00:21:49.223Z] >>> HTTP REQUEST PUT https://heroes-1540337153226.firebaseio.com/.settings/rules.json?dryRun=true  
 {
  "rules": {
    ".read": false,
    ".write": false
  }
}
[debug] [2019-01-09T00:21:49.794Z] <<< HTTP RESPONSE 200
[info] ✔  database: rules syntax for database heroes-1540337153226 is valid
[debug] [2019-01-09T00:21:49.811Z] >>> HTTP REQUEST POST https://firebasehosting.googleapis.com/v1beta1/sites/heroes-1540337153226/versions  

[debug] [2019-01-09T00:21:51.467Z] <<< HTTP RESPONSE 200
[info] i  hosting[heroes-1540337153226]: beginning deploy...
[info] i  hosting[heroes-1540337153226]: found 14 files in build
[debug] [2019-01-09T00:21:51.510Z] [hosting] hash cache [YnVpbGQ] load error: lines is not defined
[debug] [2019-01-09T00:21:51.717Z] [hosting] hash cache [YnVpbGQ] stored for 14 files
[debug] [2019-01-09T00:21:51.718Z] [hosting][hash queue][FINAL]
[debug] [2019-01-09T00:21:51.723Z] >>> HTTP REQUEST POST https://firebasehosting.googleapis.com/v1beta1/sites/heroes-1540337153226/versions/340577d8e0d65264:populateFiles  
 <request body omitted>
[debug] [2019-01-09T00:21:53.004Z] <<< HTTP RESPONSE 200
[debug] [2019-01-09T00:21:53.013Z] [hosting][populate queue][FINAL]
[debug] [2019-01-09T00:21:53.015Z] [hosting] uploads queued: 1
[info] i  hosting: uploading new files [0/1] (0%)
[debug] [2019-01-09T00:21:55.465Z] [hosting][upload queue][FINAL]
[info] ✔  hosting[heroes-1540337153226]: file upload complete
[debug] [2019-01-09T00:21:55.471Z] [hosting] deploy completed after 3999ms
[info] i  database: releasing rules...
[debug] [2019-01-09T00:21:55.572Z] >>> HTTP REQUEST PUT https://heroes-1540337153226.firebaseio.com/.settings/rules.json  
 {
  "rules": {
    ".read": false,
    ".write": false
  }
}
[debug] [2019-01-09T00:21:56.077Z] <<< HTTP RESPONSE 200
[info] ✔  database: rules for database heroes-1540337153226 released successfully
[debug] [2019-01-09T00:21:56.083Z] [
  {
    "config": {
      "public": "build",
      "ignore": [
        "firebase.json",
        "**/.*",
        "**/node_modules/**"
      ],
      "rewrites": [
        {
          "source": "**",
          "destination": "/index.html"
        }
      ],
      "site": "heroes-1540337153226"
    },
    "site": "heroes-1540337153226",
    "version": "sites/heroes-1540337153226/versions/340577d8e0d65264"
  }
]
[info] i  hosting[heroes-1540337153226]: finalizing version...
[debug] [2019-01-09T00:21:56.116Z] >>> HTTP REQUEST PATCH https://firebasehosting.googleapis.com/v1beta1/sites/heroes-1540337153226/versions/340577d8e0d65264?updateMask=status  

[debug] [2019-01-09T00:21:57.303Z] <<< HTTP RESPONSE 200
[debug] [2019-01-09T00:21:57.307Z] [hosting] finalized version for heroes-1540337153226:
[info] ✔  hosting[heroes-1540337153226]: version finalized
[info] i  hosting[heroes-1540337153226]: releasing new version...
[debug] [2019-01-09T00:21:57.312Z] >>> HTTP REQUEST POST https://firebasehosting.googleapis.com/v1beta1/sites/heroes-1540337153226/releases?version_name=sites/heroes-1540337153226/versions/340577d8e0d65264  

[debug] [2019-01-09T00:21:58.327Z] <<< HTTP RESPONSE 200
[debug] [2019-01-09T00:21:58.329Z] [hosting] release:
[info] ✔  hosting[heroes-1540337153226]: release complete
[info] 
[info] ✔  Deploy complete!
[info] 
[info] Project Console: https://console.firebase.google.com/project/heroes-1540337153226/overview
[info] Hosting URL: https://heroes-1540337153226.firebaseapp.com
[debug] [2019-01-09T00:27:03.814Z] ----------------------------------------------------------------------
[debug] [2019-01-09T00:27:03.821Z] Command:       /home/unix/.nvm/versions/node/v6.11.4/bin/node /home/unix/.nvm/versions/node/v6.11.4/bin/firebase --debug deploy
[debug] [2019-01-09T00:27:03.822Z] CLI Version:   6.1.1
[debug] [2019-01-09T00:27:03.822Z] Platform:      linux
[debug] [2019-01-09T00:27:03.823Z] Node Version:  v6.11.4
[debug] [2019-01-09T00:27:03.824Z] Time:          Wed Jan 09 2019 01:27:03 GMT+0100 (STD)
[debug] [2019-01-09T00:27:03.824Z] ----------------------------------------------------------------------
[debug] 
[debug] [2019-01-09T00:27:03.843Z] > command requires scopes: ["email","openid","https://www.googleapis.com/auth/cloudplatformprojects.readonly","https://www.googleapis.com/auth/firebase","https://www.googleapis.com/auth/cloud-platform"]
[debug] [2019-01-09T00:27:03.845Z] > authorizing via signed-in user
[debug] [2019-01-09T00:27:03.849Z] [iam] checking project heroes-1540337153226 for permissions ["firebase.projects.get","firebasedatabase.instances.update","firebasehosting.sites.update"]
[debug] [2019-01-09T00:27:03.855Z] >>> HTTP REQUEST POST https://cloudresourcemanager.googleapis.com/v1/projects/heroes-1540337153226:testIamPermissions  

[debug] [2019-01-09T00:27:04.891Z] <<< HTTP RESPONSE 200
[debug] [2019-01-09T00:27:04.900Z] >>> HTTP REQUEST GET https://firebase.googleapis.com/v1beta1/projects/heroes-1540337153226  
 
[debug] [2019-01-09T00:27:05.194Z] <<< HTTP RESPONSE 200
[info] 
[info] === Deploying to 'heroes-1540337153226'...
[info] 
[info] i  deploying database, hosting
[info] i  database: checking rules syntax...
[debug] [2019-01-09T00:27:05.209Z] >>> HTTP REQUEST PUT https://heroes-1540337153226.firebaseio.com/.settings/rules.json?dryRun=true  
 {
  "rules": {
    ".read": false,
    ".write": false
  }
}
[debug] [2019-01-09T00:27:05.979Z] <<< HTTP RESPONSE 200
[info] ✔  database: rules syntax for database heroes-1540337153226 is valid
[debug] [2019-01-09T00:27:05.996Z] >>> HTTP REQUEST POST https://firebasehosting.googleapis.com/v1beta1/sites/heroes-1540337153226/versions  

[debug] [2019-01-09T00:27:07.861Z] <<< HTTP RESPONSE 200
[info] i  hosting[heroes-1540337153226]: beginning deploy...
[info] i  hosting[heroes-1540337153226]: found 14 files in build
[debug] [2019-01-09T00:27:07.939Z] [hosting] hash cache [YnVpbGQ] load error: lines is not defined
[debug] [2019-01-09T00:27:08.128Z] [hosting] hash cache [YnVpbGQ] stored for 14 files
[debug] [2019-01-09T00:27:08.129Z] [hosting][hash queue][FINAL]
[debug] [2019-01-09T00:27:08.130Z] >>> HTTP REQUEST POST https://firebasehosting.googleapis.com/v1beta1/sites/heroes-1540337153226/versions/b995d9e8b1304e98:populateFiles  
 <request body omitted>
[debug] [2019-01-09T00:27:09.492Z] <<< HTTP RESPONSE 200
[debug] [2019-01-09T00:27:09.507Z] [hosting][populate queue][FINAL]
[debug] [2019-01-09T00:27:09.511Z] [hosting] uploads queued: 1
[info] i  hosting: uploading new files [0/1] (0%)
[info] i  hosting: uploading new files [0/1] (0%)
[debug] [2019-01-09T00:27:12.190Z] [hosting][upload queue][FINAL]
[info] ✔  hosting[heroes-1540337153226]: file upload complete
[debug] [2019-01-09T00:27:12.196Z] [hosting] deploy completed after 4311ms
[info] i  database: releasing rules...
[debug] [2019-01-09T00:27:12.303Z] >>> HTTP REQUEST PUT https://heroes-1540337153226.firebaseio.com/.settings/rules.json  
 {
  "rules": {
    ".read": false,
    ".write": false
  }
}
[debug] [2019-01-09T00:27:12.843Z] <<< HTTP RESPONSE 200
[info] ✔  database: rules for database heroes-1540337153226 released successfully
[debug] [2019-01-09T00:27:12.851Z] [
  {
    "config": {
      "public": "build",
      "ignore": [
        "firebase.json",
        "**/.*",
        "**/node_modules/**"
      ],
      "rewrites": [
        {
          "source": "**",
          "destination": "/index.html"
        }
      ],
      "site": "heroes-1540337153226"
    },
    "site": "heroes-1540337153226",
    "version": "sites/heroes-1540337153226/versions/b995d9e8b1304e98"
  }
]
[info] i  hosting[heroes-1540337153226]: finalizing version...
[debug] [2019-01-09T00:27:12.874Z] >>> HTTP REQUEST PATCH https://firebasehosting.googleapis.com/v1beta1/sites/heroes-1540337153226/versions/b995d9e8b1304e98?updateMask=status  

[debug] [2019-01-09T00:27:13.888Z] <<< HTTP RESPONSE 200
[debug] [2019-01-09T00:27:13.892Z] [hosting] finalized version for heroes-1540337153226:
[info] ✔  hosting[heroes-1540337153226]: version finalized
[info] i  hosting[heroes-1540337153226]: releasing new version...
[debug] [2019-01-09T00:27:13.900Z] >>> HTTP REQUEST POST https://firebasehosting.googleapis.com/v1beta1/sites/heroes-1540337153226/releases?version_name=sites/heroes-1540337153226/versions/b995d9e8b1304e98  

[debug] [2019-01-09T00:27:14.994Z] <<< HTTP RESPONSE 200
[debug] [2019-01-09T00:27:14.995Z] [hosting] release:
[info] ✔  hosting[heroes-1540337153226]: release complete
[info] 
[info] ✔  Deploy complete!
[info] 
[info] Project Console: https://console.firebase.google.com/project/heroes-1540337153226/overview
[info] Hosting URL: https://heroes-1540337153226.firebaseapp.com
[debug] [2019-01-09T00:27:43.766Z] ----------------------------------------------------------------------
[debug] [2019-01-09T00:27:43.774Z] Command:       /home/unix/.nvm/versions/node/v6.11.4/bin/node /home/unix/.nvm/versions/node/v6.11.4/bin/firebase --debug deploy
[debug] [2019-01-09T00:27:43.775Z] CLI Version:   6.1.1
[debug] [2019-01-09T00:27:43.775Z] Platform:      linux
[debug] [2019-01-09T00:27:43.776Z] Node Version:  v6.11.4
[debug] [2019-01-09T00:27:43.776Z] Time:          Wed Jan 09 2019 01:27:43 GMT+0100 (STD)
[debug] [2019-01-09T00:27:43.777Z] ----------------------------------------------------------------------
[debug] 
[debug] [2019-01-09T00:27:43.796Z] > command requires scopes: ["email","openid","https://www.googleapis.com/auth/cloudplatformprojects.readonly","https://www.googleapis.com/auth/firebase","https://www.googleapis.com/auth/cloud-platform"]
[debug] [2019-01-09T00:27:43.798Z] > authorizing via signed-in user
[debug] [2019-01-09T00:27:43.799Z] [iam] checking project heroes-1540337153226 for permissions ["firebase.projects.get","firebasedatabase.instances.update","firebasehosting.sites.update"]
[debug] [2019-01-09T00:27:43.810Z] >>> HTTP REQUEST POST https://cloudresourcemanager.googleapis.com/v1/projects/heroes-1540337153226:testIamPermissions  

[debug] [2019-01-09T00:27:44.669Z] <<< HTTP RESPONSE 200
[debug] [2019-01-09T00:27:44.675Z] >>> HTTP REQUEST GET https://firebase.googleapis.com/v1beta1/projects/heroes-1540337153226  
 
[debug] [2019-01-09T00:27:44.978Z] <<< HTTP RESPONSE 200
[info] 
[info] === Deploying to 'heroes-1540337153226'...
[info] 
[info] i  deploying database, hosting
[info] i  database: checking rules syntax...
[debug] [2019-01-09T00:27:44.995Z] >>> HTTP REQUEST PUT https://heroes-1540337153226.firebaseio.com/.settings/rules.json?dryRun=true  
 {
  "rules": {
    ".read": false,
    ".write": false
  }
}
[debug] [2019-01-09T00:27:45.689Z] <<< HTTP RESPONSE 200
[info] ✔  database: rules syntax for database heroes-1540337153226 is valid
[debug] [2019-01-09T00:27:45.699Z] >>> HTTP REQUEST POST https://firebasehosting.googleapis.com/v1beta1/sites/heroes-1540337153226/versions  

[debug] [2019-01-09T00:27:47.716Z] <<< HTTP RESPONSE 200
[info] i  hosting[heroes-1540337153226]: beginning deploy...
[info] i  hosting[heroes-1540337153226]: found 14 files in build
[debug] [2019-01-09T00:27:47.758Z] [hosting] hash cache [YnVpbGQ] load error: lines is not defined
[debug] [2019-01-09T00:27:47.979Z] [hosting] hash cache [YnVpbGQ] stored for 14 files
[debug] [2019-01-09T00:27:47.980Z] [hosting][hash queue][FINAL]
[debug] [2019-01-09T00:27:47.981Z] >>> HTTP REQUEST POST https://firebasehosting.googleapis.com/v1beta1/sites/heroes-1540337153226/versions/0dbe128680a04b45:populateFiles  
 <request body omitted>
[debug] [2019-01-09T00:27:49.359Z] <<< HTTP RESPONSE 200
[debug] [2019-01-09T00:27:49.369Z] [hosting][populate queue][FINAL]
[debug] [2019-01-09T00:27:49.372Z] [hosting] uploads queued: 1
[info] i  hosting: uploading new files [0/1] (0%)
[debug] [2019-01-09T00:27:51.507Z] [hosting][upload queue][FINAL]
[info] ✔  hosting[heroes-1540337153226]: file upload complete
[debug] [2019-01-09T00:27:51.512Z] [hosting] deploy completed after 3792ms
[info] i  database: releasing rules...
[debug] [2019-01-09T00:27:51.621Z] >>> HTTP REQUEST PUT https://heroes-1540337153226.firebaseio.com/.settings/rules.json  
 {
  "rules": {
    ".read": false,
    ".write": false
  }
}
[debug] [2019-01-09T00:27:52.104Z] <<< HTTP RESPONSE 200
[info] ✔  database: rules for database heroes-1540337153226 released successfully
[debug] [2019-01-09T00:27:52.149Z] [
  {
    "config": {
      "public": "build",
      "ignore": [
        "firebase.json",
        "**/.*",
        "**/node_modules/**"
      ],
      "rewrites": [
        {
          "source": "**",
          "destination": "/index.html"
        }
      ],
      "site": "heroes-1540337153226"
    },
    "site": "heroes-1540337153226",
    "version": "sites/heroes-1540337153226/versions/0dbe128680a04b45"
  }
]
[info] i  hosting[heroes-1540337153226]: finalizing version...
[debug] [2019-01-09T00:27:52.171Z] >>> HTTP REQUEST PATCH https://firebasehosting.googleapis.com/v1beta1/sites/heroes-1540337153226/versions/0dbe128680a04b45?updateMask=status  

[debug] [2019-01-09T00:27:53.220Z] <<< HTTP RESPONSE 200
[debug] [2019-01-09T00:27:53.221Z] [hosting] finalized version for heroes-1540337153226:
[info] ✔  hosting[heroes-1540337153226]: version finalized
[info] i  hosting[heroes-1540337153226]: releasing new version...
[debug] [2019-01-09T00:27:53.223Z] >>> HTTP REQUEST POST https://firebasehosting.googleapis.com/v1beta1/sites/heroes-1540337153226/releases?version_name=sites/heroes-1540337153226/versions/0dbe128680a04b45  

[debug] [2019-01-09T00:27:54.272Z] <<< HTTP RESPONSE 200
[debug] [2019-01-09T00:27:54.274Z] [hosting] release:
[info] ✔  hosting[heroes-1540337153226]: release complete
[info] 
[info] ✔  Deploy complete!
[info] 
[info] Project Console: https://console.firebase.google.com/project/heroes-1540337153226/overview
[info] Hosting URL: https://heroes-1540337153226.firebaseapp.com
[debug] [2019-01-09T00:35:49.672Z] ----------------------------------------------------------------------
[debug] [2019-01-09T00:35:49.678Z] Command:       /home/unix/.nvm/versions/node/v6.11.4/bin/node /home/unix/.nvm/versions/node/v6.11.4/bin/firebase --debug deploy
[debug] [2019-01-09T00:35:49.680Z] CLI Version:   6.1.1
[debug] [2019-01-09T00:35:49.681Z] Platform:      linux
[debug] [2019-01-09T00:35:49.681Z] Node Version:  v6.11.4
[debug] [2019-01-09T00:35:49.683Z] Time:          Wed Jan 09 2019 01:35:49 GMT+0100 (STD)
[debug] [2019-01-09T00:35:49.687Z] ----------------------------------------------------------------------
[debug] 
[debug] [2019-01-09T00:35:49.705Z] > command requires scopes: ["email","openid","https://www.googleapis.com/auth/cloudplatformprojects.readonly","https://www.googleapis.com/auth/firebase","https://www.googleapis.com/auth/cloud-platform"]
[debug] [2019-01-09T00:35:49.706Z] > authorizing via signed-in user
[debug] [2019-01-09T00:35:49.707Z] [iam] checking project heroes-1540337153226 for permissions ["firebase.projects.get","firebasedatabase.instances.update","firebasehosting.sites.update"]
[debug] [2019-01-09T00:35:49.711Z] >>> HTTP REQUEST POST https://cloudresourcemanager.googleapis.com/v1/projects/heroes-1540337153226:testIamPermissions  

[debug] [2019-01-09T00:35:51.372Z] <<< HTTP RESPONSE 200
[debug] [2019-01-09T00:35:51.378Z] >>> HTTP REQUEST GET https://firebase.googleapis.com/v1beta1/projects/heroes-1540337153226  
 
[debug] [2019-01-09T00:35:51.674Z] <<< HTTP RESPONSE 200
[info] 
[info] === Deploying to 'heroes-1540337153226'...
[info] 
[info] i  deploying database, hosting
[info] i  database: checking rules syntax...
[debug] [2019-01-09T00:35:51.697Z] >>> HTTP REQUEST PUT https://heroes-1540337153226.firebaseio.com/.settings/rules.json?dryRun=true  
 {
  "rules": {
    ".read": false,
    ".write": false
  }
}
[debug] [2019-01-09T00:35:52.341Z] <<< HTTP RESPONSE 200
[info] ✔  database: rules syntax for database heroes-1540337153226 is valid
[debug] [2019-01-09T00:35:52.368Z] >>> HTTP REQUEST POST https://firebasehosting.googleapis.com/v1beta1/sites/heroes-1540337153226/versions  

[debug] [2019-01-09T00:35:53.812Z] <<< HTTP RESPONSE 200
[info] i  hosting[heroes-1540337153226]: beginning deploy...
[info] i  hosting[heroes-1540337153226]: found 14 files in build
[debug] [2019-01-09T00:35:53.876Z] [hosting] hash cache [YnVpbGQ] load error: lines is not defined
[debug] [2019-01-09T00:35:54.127Z] [hosting] hash cache [YnVpbGQ] stored for 14 files
[debug] [2019-01-09T00:35:54.128Z] [hosting][hash queue][FINAL]
[debug] [2019-01-09T00:35:54.129Z] >>> HTTP REQUEST POST https://firebasehosting.googleapis.com/v1beta1/sites/heroes-1540337153226/versions/603320a15e5d4fab:populateFiles  
 <request body omitted>
[debug] [2019-01-09T00:35:55.628Z] <<< HTTP RESPONSE 200
[debug] [2019-01-09T00:35:55.633Z] [hosting][populate queue][FINAL]
[debug] [2019-01-09T00:35:55.637Z] [hosting] uploads queued: 0
[debug] [2019-01-09T00:35:55.638Z] [hosting][upload queue][FINAL]
[info] ✔  hosting[heroes-1540337153226]: file upload complete
[debug] [2019-01-09T00:35:55.645Z] [hosting] deploy completed after 1825ms
[info] i  database: releasing rules...
[debug] [2019-01-09T00:35:55.771Z] >>> HTTP REQUEST PUT https://heroes-1540337153226.firebaseio.com/.settings/rules.json  
 {
  "rules": {
    ".read": false,
    ".write": false
  }
}
[debug] [2019-01-09T00:35:56.393Z] <<< HTTP RESPONSE 200
[info] ✔  database: rules for database heroes-1540337153226 released successfully
[debug] [2019-01-09T00:35:56.401Z] [
  {
    "config": {
      "public": "build",
      "ignore": [
        "firebase.json",
        "**/.*",
        "**/node_modules/**"
      ],
      "rewrites": [
        {
          "source": "**",
          "destination": "/index.html"
        }
      ],
      "site": "heroes-1540337153226"
    },
    "site": "heroes-1540337153226",
    "version": "sites/heroes-1540337153226/versions/603320a15e5d4fab"
  }
]
[info] i  hosting[heroes-1540337153226]: finalizing version...
[debug] [2019-01-09T00:35:56.442Z] >>> HTTP REQUEST PATCH https://firebasehosting.googleapis.com/v1beta1/sites/heroes-1540337153226/versions/603320a15e5d4fab?updateMask=status  

[debug] [2019-01-09T00:35:57.615Z] <<< HTTP RESPONSE 200
[debug] [2019-01-09T00:35:57.621Z] [hosting] finalized version for heroes-1540337153226:
[info] ✔  hosting[heroes-1540337153226]: version finalized
[info] i  hosting[heroes-1540337153226]: releasing new version...
[debug] [2019-01-09T00:35:57.651Z] >>> HTTP REQUEST POST https://firebasehosting.googleapis.com/v1beta1/sites/heroes-1540337153226/releases?version_name=sites/heroes-1540337153226/versions/603320a15e5d4fab  

[debug] [2019-01-09T00:35:58.680Z] <<< HTTP RESPONSE 200
[debug] [2019-01-09T00:35:58.686Z] [hosting] release:
[info] ✔  hosting[heroes-1540337153226]: release complete
[info] 
[info] ✔  Deploy complete!
[info] 
[info] Project Console: https://console.firebase.google.com/project/heroes-1540337153226/overview
[info] Hosting URL: https://heroes-1540337153226.firebaseapp.com
[debug] [2019-01-09T00:52:28.790Z] ----------------------------------------------------------------------
[debug] [2019-01-09T00:52:28.801Z] Command:       /home/unix/.nvm/versions/node/v6.11.4/bin/node /home/unix/.nvm/versions/node/v6.11.4/bin/firebase --debug deploy
[debug] [2019-01-09T00:52:28.803Z] CLI Version:   6.1.1
[debug] [2019-01-09T00:52:28.803Z] Platform:      linux
[debug] [2019-01-09T00:52:28.804Z] Node Version:  v6.11.4
[debug] [2019-01-09T00:52:28.807Z] Time:          Wed Jan 09 2019 01:52:28 GMT+0100 (STD)
[debug] [2019-01-09T00:52:28.808Z] ----------------------------------------------------------------------
[debug] 
[debug] [2019-01-09T00:52:28.899Z] > command requires scopes: ["email","openid","https://www.googleapis.com/auth/cloudplatformprojects.readonly","https://www.googleapis.com/auth/firebase","https://www.googleapis.com/auth/cloud-platform"]
[debug] [2019-01-09T00:52:28.900Z] > authorizing via signed-in user
[debug] [2019-01-09T00:52:28.901Z] [iam] checking project heroes-1540337153226 for permissions ["firebase.projects.get","firebasedatabase.instances.update","firebasehosting.sites.update"]
[debug] [2019-01-09T00:52:28.908Z] >>> HTTP REQUEST POST https://cloudresourcemanager.googleapis.com/v1/projects/heroes-1540337153226:testIamPermissions  

[debug] [2019-01-09T00:52:30.014Z] <<< HTTP RESPONSE 200
[debug] [2019-01-09T00:52:30.021Z] >>> HTTP REQUEST GET https://firebase.googleapis.com/v1beta1/projects/heroes-1540337153226  
 
[debug] [2019-01-09T00:52:30.476Z] <<< HTTP RESPONSE 200
[info] 
[info] === Deploying to 'heroes-1540337153226'...
[info] 
[info] i  deploying database, hosting
[info] i  database: checking rules syntax...
[debug] [2019-01-09T00:52:30.509Z] >>> HTTP REQUEST PUT https://heroes-1540337153226.firebaseio.com/.settings/rules.json?dryRun=true  
 {
  "rules": {
    ".read": false,
    ".write": false
  }
}
[debug] [2019-01-09T00:52:32.127Z] <<< HTTP RESPONSE 200
[info] ✔  database: rules syntax for database heroes-1540337153226 is valid
[debug] [2019-01-09T00:52:32.132Z] >>> HTTP REQUEST POST https://firebasehosting.googleapis.com/v1beta1/sites/heroes-1540337153226/versions  

[debug] [2019-01-09T00:52:33.752Z] <<< HTTP RESPONSE 200
[info] i  hosting[heroes-1540337153226]: beginning deploy...
[info] i  hosting[heroes-1540337153226]: found 14 files in build
[debug] [2019-01-09T00:52:33.798Z] [hosting] hash cache [YnVpbGQ] load error: lines is not defined
[debug] [2019-01-09T00:52:34.024Z] [hosting] hash cache [YnVpbGQ] stored for 14 files
[debug] [2019-01-09T00:52:34.025Z] [hosting][hash queue][FINAL]
[debug] [2019-01-09T00:52:34.026Z] >>> HTTP REQUEST POST https://firebasehosting.googleapis.com/v1beta1/sites/heroes-1540337153226/versions/a8cbaf788818ee4f:populateFiles  
 <request body omitted>
[debug] [2019-01-09T00:52:35.557Z] <<< HTTP RESPONSE 200
[debug] [2019-01-09T00:52:35.582Z] [hosting][populate queue][FINAL]
[debug] [2019-01-09T00:52:35.585Z] [hosting] uploads queued: 6
[info] i  hosting: uploading new files [0/6] (0%)
[info] i  hosting: uploading new files [0/6] (0%)
[info] i  hosting: uploading new files [5/6] (83%)
[debug] [2019-01-09T00:52:41.740Z] [hosting][upload queue][FINAL]
[info] ✔  hosting[heroes-1540337153226]: file upload complete
[debug] [2019-01-09T00:52:41.765Z] [hosting] deploy completed after 8008ms
[info] i  database: releasing rules...
[debug] [2019-01-09T00:52:41.999Z] >>> HTTP REQUEST PUT https://heroes-1540337153226.firebaseio.com/.settings/rules.json  
 {
  "rules": {
    ".read": false,
    ".write": false
  }
}
[debug] [2019-01-09T00:52:42.631Z] <<< HTTP RESPONSE 200
[info] ✔  database: rules for database heroes-1540337153226 released successfully
[debug] [2019-01-09T00:52:42.636Z] [
  {
    "config": {
      "public": "build",
      "ignore": [
        "firebase.json",
        "**/.*",
        "**/node_modules/**"
      ],
      "rewrites": [
        {
          "source": "**",
          "destination": "/index.html"
        }
      ],
      "site": "heroes-1540337153226"
    },
    "site": "heroes-1540337153226",
    "version": "sites/heroes-1540337153226/versions/a8cbaf788818ee4f"
  }
]
[info] i  hosting[heroes-1540337153226]: finalizing version...
[debug] [2019-01-09T00:52:42.664Z] >>> HTTP REQUEST PATCH https://firebasehosting.googleapis.com/v1beta1/sites/heroes-1540337153226/versions/a8cbaf788818ee4f?updateMask=status  

[debug] [2019-01-09T00:52:43.890Z] <<< HTTP RESPONSE 200
[debug] [2019-01-09T00:52:43.893Z] [hosting] finalized version for heroes-1540337153226:
[info] ✔  hosting[heroes-1540337153226]: version finalized
[info] i  hosting[heroes-1540337153226]: releasing new version...
[debug] [2019-01-09T00:52:43.948Z] >>> HTTP REQUEST POST https://firebasehosting.googleapis.com/v1beta1/sites/heroes-1540337153226/releases?version_name=sites/heroes-1540337153226/versions/a8cbaf788818ee4f  

[debug] [2019-01-09T00:52:45.163Z] <<< HTTP RESPONSE 200
[debug] [2019-01-09T00:52:45.164Z] [hosting] release:
[info] ✔  hosting[heroes-1540337153226]: release complete
[info] 
[info] ✔  Deploy complete!
[info] 
[info] Project Console: https://console.firebase.google.com/project/heroes-1540337153226/overview
[info] Hosting URL: https://heroes-1540337153226.firebaseapp.com
[debug] [2019-01-09T00:55:42.507Z] ----------------------------------------------------------------------
[debug] [2019-01-09T00:55:42.514Z] Command:       /home/unix/.nvm/versions/node/v6.11.4/bin/node /home/unix/.nvm/versions/node/v6.11.4/bin/firebase --debug deploy
[debug] [2019-01-09T00:55:42.516Z] CLI Version:   6.1.1
[debug] [2019-01-09T00:55:42.526Z] Platform:      linux
[debug] [2019-01-09T00:55:42.527Z] Node Version:  v6.11.4
[debug] [2019-01-09T00:55:42.527Z] Time:          Wed Jan 09 2019 01:55:42 GMT+0100 (STD)
[debug] [2019-01-09T00:55:42.527Z] ----------------------------------------------------------------------
[debug] 
[debug] [2019-01-09T00:55:42.546Z] > command requires scopes: ["email","openid","https://www.googleapis.com/auth/cloudplatformprojects.readonly","https://www.googleapis.com/auth/firebase","https://www.googleapis.com/auth/cloud-platform"]
[debug] [2019-01-09T00:55:42.548Z] > authorizing via signed-in user
[debug] [2019-01-09T00:55:42.548Z] [iam] checking project heroes-1540337153226 for permissions ["firebase.projects.get","firebasedatabase.instances.update","firebasehosting.sites.update"]
[debug] [2019-01-09T00:55:42.552Z] > refreshing access token with scopes: ["email","https://www.googleapis.com/auth/cloud-platform","https://www.googleapis.com/auth/cloudplatformprojects.readonly","https://www.googleapis.com/auth/firebase","openid"]
[debug] [2019-01-09T00:55:42.553Z] >>> HTTP REQUEST POST https://www.googleapis.com/oauth2/v3/token  
 <request body omitted>
[debug] [2019-01-09T00:55:42.754Z] <<< HTTP RESPONSE 200
[debug] [2019-01-09T00:55:42.771Z] >>> HTTP REQUEST POST https://cloudresourcemanager.googleapis.com/v1/projects/heroes-1540337153226:testIamPermissions  

[debug] [2019-01-09T00:55:43.612Z] <<< HTTP RESPONSE 200
[debug] [2019-01-09T00:55:43.620Z] >>> HTTP REQUEST GET https://firebase.googleapis.com/v1beta1/projects/heroes-1540337153226  
 
[debug] [2019-01-09T00:55:43.917Z] <<< HTTP RESPONSE 200
[info] 
[info] === Deploying to 'heroes-1540337153226'...
[info] 
[info] i  deploying database, hosting
[info] i  database: checking rules syntax...
[debug] [2019-01-09T00:55:43.924Z] >>> HTTP REQUEST PUT https://heroes-1540337153226.firebaseio.com/.settings/rules.json?dryRun=true  
 {
  "rules": {
    ".read": false,
    ".write": false
  }
}
[debug] [2019-01-09T00:55:44.452Z] <<< HTTP RESPONSE 200
[info] ✔  database: rules syntax for database heroes-1540337153226 is valid
[debug] [2019-01-09T00:55:44.460Z] >>> HTTP REQUEST POST https://firebasehosting.googleapis.com/v1beta1/sites/heroes-1540337153226/versions  

[debug] [2019-01-09T00:55:46.981Z] <<< HTTP RESPONSE 200
[info] i  hosting[heroes-1540337153226]: beginning deploy...
[info] i  hosting[heroes-1540337153226]: found 14 files in build
[debug] [2019-01-09T00:55:47.026Z] [hosting] hash cache [YnVpbGQ] load error: lines is not defined
[debug] [2019-01-09T00:55:47.223Z] [hosting] hash cache [YnVpbGQ] stored for 14 files
[debug] [2019-01-09T00:55:47.224Z] [hosting][hash queue][FINAL]
[debug] [2019-01-09T00:55:47.224Z] >>> HTTP REQUEST POST https://firebasehosting.googleapis.com/v1beta1/sites/heroes-1540337153226/versions/558281006822e392:populateFiles  
 <request body omitted>
[debug] [2019-01-09T00:55:48.541Z] <<< HTTP RESPONSE 200
[debug] [2019-01-09T00:55:48.570Z] [hosting][populate queue][FINAL]
[debug] [2019-01-09T00:55:48.573Z] [hosting] uploads queued: 6
[info] i  hosting: uploading new files [0/6] (0%)
[info] i  hosting: uploading new files [0/6] (0%)
[debug] [2019-01-09T00:55:52.837Z] [hosting][upload queue][FINAL]
[info] ✔  hosting[heroes-1540337153226]: file upload complete
[debug] [2019-01-09T00:55:52.838Z] [hosting] deploy completed after 5850ms
[info] i  database: releasing rules...
[debug] [2019-01-09T00:55:52.949Z] >>> HTTP REQUEST PUT https://heroes-1540337153226.firebaseio.com/.settings/rules.json  
 {
  "rules": {
    ".read": false,
    ".write": false
  }
}
[debug] [2019-01-09T00:55:53.528Z] <<< HTTP RESPONSE 200
[info] ✔  database: rules for database heroes-1540337153226 released successfully
[debug] [2019-01-09T00:55:53.529Z] [
  {
    "config": {
      "public": "build",
      "ignore": [
        "firebase.json",
        "**/.*",
        "**/node_modules/**"
      ],
      "rewrites": [
        {
          "source": "**",
          "destination": "/index.html"
        }
      ],
      "site": "heroes-1540337153226"
    },
    "site": "heroes-1540337153226",
    "version": "sites/heroes-1540337153226/versions/558281006822e392"
  }
]
[info] i  hosting[heroes-1540337153226]: finalizing version...
[debug] [2019-01-09T00:55:53.533Z] >>> HTTP REQUEST PATCH https://firebasehosting.googleapis.com/v1beta1/sites/heroes-1540337153226/versions/558281006822e392?updateMask=status  

[debug] [2019-01-09T00:55:54.663Z] <<< HTTP RESPONSE 200
[debug] [2019-01-09T00:55:54.664Z] [hosting] finalized version for heroes-1540337153226:
[info] ✔  hosting[heroes-1540337153226]: version finalized
[info] i  hosting[heroes-1540337153226]: releasing new version...
[debug] [2019-01-09T00:55:54.666Z] >>> HTTP REQUEST POST https://firebasehosting.googleapis.com/v1beta1/sites/heroes-1540337153226/releases?version_name=sites/heroes-1540337153226/versions/558281006822e392  

[debug] [2019-01-09T00:55:55.797Z] <<< HTTP RESPONSE 200
[debug] [2019-01-09T00:55:55.798Z] [hosting] release:
[info] ✔  hosting[heroes-1540337153226]: release complete
[info] 
[info] ✔  Deploy complete!
[info] 
[info] Project Console: https://console.firebase.google.com/project/heroes-1540337153226/overview
[info] Hosting URL: https://heroes-1540337153226.firebaseapp.com
[debug] [2019-01-09T00:58:33.340Z] ----------------------------------------------------------------------
[debug] [2019-01-09T00:58:33.348Z] Command:       /home/unix/.nvm/versions/node/v6.11.4/bin/node /home/unix/.nvm/versions/node/v6.11.4/bin/firebase --debug deploy
[debug] [2019-01-09T00:58:33.350Z] CLI Version:   6.1.1
[debug] [2019-01-09T00:58:33.350Z] Platform:      linux
[debug] [2019-01-09T00:58:33.350Z] Node Version:  v6.11.4
[debug] [2019-01-09T00:58:33.351Z] Time:          Wed Jan 09 2019 01:58:33 GMT+0100 (STD)
[debug] [2019-01-09T00:58:33.352Z] ----------------------------------------------------------------------
[debug] 
[debug] [2019-01-09T00:58:33.375Z] > command requires scopes: ["email","openid","https://www.googleapis.com/auth/cloudplatformprojects.readonly","https://www.googleapis.com/auth/firebase","https://www.googleapis.com/auth/cloud-platform"]
[debug] [2019-01-09T00:58:33.375Z] > authorizing via signed-in user
[debug] [2019-01-09T00:58:33.376Z] [iam] checking project heroes-1540337153226 for permissions ["firebase.projects.get","firebasedatabase.instances.update","firebasehosting.sites.update"]
[debug] [2019-01-09T00:58:33.382Z] >>> HTTP REQUEST POST https://cloudresourcemanager.googleapis.com/v1/projects/heroes-1540337153226:testIamPermissions  

[debug] [2019-01-09T00:58:34.426Z] <<< HTTP RESPONSE 200
[debug] [2019-01-09T00:58:34.436Z] >>> HTTP REQUEST GET https://firebase.googleapis.com/v1beta1/projects/heroes-1540337153226  
 
[debug] [2019-01-09T00:58:34.731Z] <<< HTTP RESPONSE 200
[info] 
[info] === Deploying to 'heroes-1540337153226'...
[info] 
[info] i  deploying database, hosting
[info] i  database: checking rules syntax...
[debug] [2019-01-09T00:58:34.739Z] >>> HTTP REQUEST PUT https://heroes-1540337153226.firebaseio.com/.settings/rules.json?dryRun=true  
 {
  "rules": {
    ".read": false,
    ".write": false
  }
}
[debug] [2019-01-09T00:58:37.121Z] <<< HTTP RESPONSE 200
[info] ✔  database: rules syntax for database heroes-1540337153226 is valid
[debug] [2019-01-09T00:58:37.141Z] >>> HTTP REQUEST POST https://firebasehosting.googleapis.com/v1beta1/sites/heroes-1540337153226/versions  

[debug] [2019-01-09T00:58:38.680Z] <<< HTTP RESPONSE 200
[info] i  hosting[heroes-1540337153226]: beginning deploy...
[info] i  hosting[heroes-1540337153226]: found 14 files in build
[debug] [2019-01-09T00:58:38.741Z] [hosting] hash cache [YnVpbGQ] load error: lines is not defined
[debug] [2019-01-09T00:58:38.917Z] [hosting] hash cache [YnVpbGQ] stored for 14 files
[debug] [2019-01-09T00:58:38.918Z] [hosting][hash queue][FINAL]
[debug] [2019-01-09T00:58:38.918Z] >>> HTTP REQUEST POST https://firebasehosting.googleapis.com/v1beta1/sites/heroes-1540337153226/versions/667831d066b0e677:populateFiles  
 <request body omitted>
[debug] [2019-01-09T00:58:40.339Z] <<< HTTP RESPONSE 200
[debug] [2019-01-09T00:58:40.376Z] [hosting][populate queue][FINAL]
[debug] [2019-01-09T00:58:40.378Z] [hosting] uploads queued: 6
[info] i  hosting: uploading new files [0/6] (0%)
[info] i  hosting: uploading new files [0/6] (0%)
[debug] [2019-01-09T00:58:44.173Z] [hosting][upload queue][FINAL]
[info] ✔  hosting[heroes-1540337153226]: file upload complete
[debug] [2019-01-09T00:58:44.175Z] [hosting] deploy completed after 5491ms
[info] i  database: releasing rules...
[debug] [2019-01-09T00:58:44.266Z] >>> HTTP REQUEST PUT https://heroes-1540337153226.firebaseio.com/.settings/rules.json  
 {
  "rules": {
    ".read": false,
    ".write": false
  }
}
[debug] [2019-01-09T00:58:44.766Z] <<< HTTP RESPONSE 200
[info] ✔  database: rules for database heroes-1540337153226 released successfully
[debug] [2019-01-09T00:58:44.768Z] [
  {
    "config": {
      "public": "build",
      "ignore": [
        "firebase.json",
        "**/.*",
        "**/node_modules/**"
      ],
      "rewrites": [
        {
          "source": "**",
          "destination": "/index.html"
        }
      ],
      "site": "heroes-1540337153226"
    },
    "site": "heroes-1540337153226",
    "version": "sites/heroes-1540337153226/versions/667831d066b0e677"
  }
]
[info] i  hosting[heroes-1540337153226]: finalizing version...
[debug] [2019-01-09T00:58:44.771Z] >>> HTTP REQUEST PATCH https://firebasehosting.googleapis.com/v1beta1/sites/heroes-1540337153226/versions/667831d066b0e677?updateMask=status  

[debug] [2019-01-09T00:58:47.308Z] <<< HTTP RESPONSE 200
[debug] [2019-01-09T00:58:47.325Z] [hosting] finalized version for heroes-1540337153226:
[info] ✔  hosting[heroes-1540337153226]: version finalized
[info] i  hosting[heroes-1540337153226]: releasing new version...
[debug] [2019-01-09T00:58:47.328Z] >>> HTTP REQUEST POST https://firebasehosting.googleapis.com/v1beta1/sites/heroes-1540337153226/releases?version_name=sites/heroes-1540337153226/versions/667831d066b0e677  

[debug] [2019-01-09T00:58:48.329Z] <<< HTTP RESPONSE 200
[debug] [2019-01-09T00:58:48.330Z] [hosting] release:
[info] ✔  hosting[heroes-1540337153226]: release complete
[info] 
[info] ✔  Deploy complete!
[info] 
[info] Project Console: https://console.firebase.google.com/project/heroes-1540337153226/overview
[info] Hosting URL: https://heroes-1540337153226.firebaseapp.com
[debug] [2019-01-09T01:02:16.326Z] ----------------------------------------------------------------------
[debug] [2019-01-09T01:02:16.333Z] Command:       /home/unix/.nvm/versions/node/v6.11.4/bin/node /home/unix/.nvm/versions/node/v6.11.4/bin/firebase --debug deploy
[debug] [2019-01-09T01:02:16.334Z] CLI Version:   6.1.1
[debug] [2019-01-09T01:02:16.334Z] Platform:      linux
[debug] [2019-01-09T01:02:16.335Z] Node Version:  v6.11.4
[debug] [2019-01-09T01:02:16.335Z] Time:          Wed Jan 09 2019 02:02:16 GMT+0100 (STD)
[debug] [2019-01-09T01:02:16.336Z] ----------------------------------------------------------------------
[debug] 
[debug] [2019-01-09T01:02:16.361Z] > command requires scopes: ["email","openid","https://www.googleapis.com/auth/cloudplatformprojects.readonly","https://www.googleapis.com/auth/firebase","https://www.googleapis.com/auth/cloud-platform"]
[debug] [2019-01-09T01:02:16.362Z] > authorizing via signed-in user
[debug] [2019-01-09T01:02:16.362Z] [iam] checking project heroes-1540337153226 for permissions ["firebase.projects.get","firebasedatabase.instances.update","firebasehosting.sites.update"]
[debug] [2019-01-09T01:02:16.366Z] >>> HTTP REQUEST POST https://cloudresourcemanager.googleapis.com/v1/projects/heroes-1540337153226:testIamPermissions  

[debug] [2019-01-09T01:02:17.558Z] <<< HTTP RESPONSE 200
[debug] [2019-01-09T01:02:17.562Z] >>> HTTP REQUEST GET https://firebase.googleapis.com/v1beta1/projects/heroes-1540337153226  
 
[debug] [2019-01-09T01:02:17.848Z] <<< HTTP RESPONSE 200
[info] 
[info] === Deploying to 'heroes-1540337153226'...
[info] 
[info] i  deploying database, hosting
[info] i  database: checking rules syntax...
[debug] [2019-01-09T01:02:17.859Z] >>> HTTP REQUEST PUT https://heroes-1540337153226.firebaseio.com/.settings/rules.json?dryRun=true  
 {
  "rules": {
    ".read": false,
    ".write": false
  }
}
[debug] [2019-01-09T01:02:18.426Z] <<< HTTP RESPONSE 200
[info] ✔  database: rules syntax for database heroes-1540337153226 is valid
[debug] [2019-01-09T01:02:18.430Z] >>> HTTP REQUEST POST https://firebasehosting.googleapis.com/v1beta1/sites/heroes-1540337153226/versions  

[debug] [2019-01-09T01:02:19.872Z] <<< HTTP RESPONSE 200
[info] i  hosting[heroes-1540337153226]: beginning deploy...
[info] i  hosting[heroes-1540337153226]: found 14 files in build
[debug] [2019-01-09T01:02:19.930Z] [hosting] hash cache [YnVpbGQ] load error: lines is not defined
[debug] [2019-01-09T01:02:20.179Z] [hosting] hash cache [YnVpbGQ] stored for 14 files
[debug] [2019-01-09T01:02:20.180Z] [hosting][hash queue][FINAL]
[debug] [2019-01-09T01:02:20.180Z] >>> HTTP REQUEST POST https://firebasehosting.googleapis.com/v1beta1/sites/heroes-1540337153226/versions/3da1e8df1c280226:populateFiles  
 <request body omitted>
[debug] [2019-01-09T01:02:21.539Z] <<< HTTP RESPONSE 200
[debug] [2019-01-09T01:02:21.556Z] [hosting][populate queue][FINAL]
[debug] [2019-01-09T01:02:21.556Z] [hosting] uploads queued: 6
[info] i  hosting: uploading new files [0/6] (0%)
[info] i  hosting: uploading new files [0/6] (0%)
[debug] [2019-01-09T01:02:25.266Z] [hosting][upload queue][FINAL]
[info] ✔  hosting[heroes-1540337153226]: file upload complete
[debug] [2019-01-09T01:02:25.270Z] [hosting] deploy completed after 5395ms
[info] i  database: releasing rules...
[debug] [2019-01-09T01:02:25.369Z] >>> HTTP REQUEST PUT https://heroes-1540337153226.firebaseio.com/.settings/rules.json  
 {
  "rules": {
    ".read": false,
    ".write": false
  }
}
[debug] [2019-01-09T01:02:25.938Z] <<< HTTP RESPONSE 200
[info] ✔  database: rules for database heroes-1540337153226 released successfully
[debug] [2019-01-09T01:02:25.940Z] [
  {
    "config": {
      "public": "build",
      "ignore": [
        "firebase.json",
        "**/.*",
        "**/node_modules/**"
      ],
      "rewrites": [
        {
          "source": "**",
          "destination": "/index.html"
        }
      ],
      "site": "heroes-1540337153226"
    },
    "site": "heroes-1540337153226",
    "version": "sites/heroes-1540337153226/versions/3da1e8df1c280226"
  }
]
[info] i  hosting[heroes-1540337153226]: finalizing version...
[debug] [2019-01-09T01:02:25.945Z] >>> HTTP REQUEST PATCH https://firebasehosting.googleapis.com/v1beta1/sites/heroes-1540337153226/versions/3da1e8df1c280226?updateMask=status  

[debug] [2019-01-09T01:02:27.025Z] <<< HTTP RESPONSE 200
[debug] [2019-01-09T01:02:27.040Z] [hosting] finalized version for heroes-1540337153226:
[info] ✔  hosting[heroes-1540337153226]: version finalized
[info] i  hosting[heroes-1540337153226]: releasing new version...
[debug] [2019-01-09T01:02:27.056Z] >>> HTTP REQUEST POST https://firebasehosting.googleapis.com/v1beta1/sites/heroes-1540337153226/releases?version_name=sites/heroes-1540337153226/versions/3da1e8df1c280226  

[debug] [2019-01-09T01:02:28.082Z] <<< HTTP RESPONSE 200
[debug] [2019-01-09T01:02:28.084Z] [hosting] release:
[info] ✔  hosting[heroes-1540337153226]: release complete
[info] 
[info] ✔  Deploy complete!
[info] 
[info] Project Console: https://console.firebase.google.com/project/heroes-1540337153226/overview
[info] Hosting URL: https://heroes-1540337153226.firebaseapp.com
